<?xml version="1.0" encoding="utf-8"?><testsuites><testsuite name="pytest" errors="0" failures="0" skipped="0" tests="2" time="1.541" timestamp="2022-04-12T01:00:21.091089" hostname="fv-az252-184"><testcase classname="tests.test_main" name="test_m5p_smoothing[smoothing_constant=75]" time="0.385" /><testcase classname="tests.test_main" name="test_m5p_smoothing[smoothing_constant=100]" time="0.392" /></testsuite></testsuites>