<?xml version="1.0" encoding="utf-8"?><testsuites><testsuite name="pytest" errors="0" failures="0" skipped="0" tests="2" time="1.396" timestamp="2024-01-22T13:20:53.059245" hostname="fv-az841-926"><testcase classname="tests.test_main" name="test_m5p_smoothing[smoothing_constant=75]" time="0.386" /><testcase classname="tests.test_main" name="test_m5p_smoothing[smoothing_constant=100]" time="0.376" /></testsuite></testsuites>