<?xml version="1.0" encoding="utf-8"?><testsuites><testsuite name="pytest" errors="0" failures="0" skipped="0" tests="2" time="1.388" timestamp="2024-01-22T16:02:54.770743" hostname="fv-az659-740"><testcase classname="tests.test_main" name="test_m5p_smoothing[smoothing_constant=75]" time="0.382" /><testcase classname="tests.test_main" name="test_m5p_smoothing[smoothing_constant=100]" time="0.377" /></testsuite></testsuites>