<?xml version="1.0" encoding="utf-8"?><testsuites><testsuite name="pytest" errors="0" failures="0" skipped="0" tests="2" time="1.687" timestamp="2022-05-07T18:10:45.805456" hostname="fv-az435-941"><testcase classname="tests.test_main" name="test_m5p_smoothing[smoothing_constant=75]" time="0.369" /><testcase classname="tests.test_main" name="test_m5p_smoothing[smoothing_constant=100]" time="0.363" /></testsuite></testsuites>