<?xml version="1.0" encoding="utf-8"?><testsuites><testsuite name="pytest" errors="0" failures="0" skipped="0" tests="2" time="1.267" timestamp="2022-04-12T00:39:40.050606" hostname="fv-az133-730"><testcase classname="tests.test_main" name="test_m5p_smoothing[smoothing_constant=75]" time="0.335" /><testcase classname="tests.test_main" name="test_m5p_smoothing[smoothing_constant=100]" time="0.306" /></testsuite></testsuites>