<?xml version="1.0" encoding="utf-8"?><testsuites><testsuite name="pytest" errors="0" failures="0" skipped="0" tests="2" time="1.392" timestamp="2024-01-22T17:05:14.826831" hostname="fv-az659-740"><testcase classname="tests.test_main" name="test_m5p_smoothing[smoothing_constant=75]" time="0.379" /><testcase classname="tests.test_main" name="test_m5p_smoothing[smoothing_constant=100]" time="0.371" /></testsuite></testsuites>