<?xml version="1.0" encoding="utf-8"?><testsuites><testsuite name="pytest" errors="0" failures="0" skipped="0" tests="2" time="1.465" timestamp="2024-01-22T17:10:34.170044" hostname="fv-az1535-935"><testcase classname="tests.test_main" name="test_m5p_smoothing[smoothing_constant=75]" time="0.391" /><testcase classname="tests.test_main" name="test_m5p_smoothing[smoothing_constant=100]" time="0.378" /></testsuite></testsuites>