<?xml version="1.0" encoding="utf-8"?><testsuites><testsuite name="pytest" errors="0" failures="0" skipped="0" tests="2" time="1.456" timestamp="2024-01-22T16:05:35.810528" hostname="fv-az985-723"><testcase classname="tests.test_main" name="test_m5p_smoothing[smoothing_constant=75]" time="0.395" /><testcase classname="tests.test_main" name="test_m5p_smoothing[smoothing_constant=100]" time="0.387" /></testsuite></testsuites>